<?xml version="1.0" encoding="UTF-8"?>
<!-- Generated by org.testng.reporters.JUnitXMLReporter -->
<testsuite hostname="CDC2-D-CH1NXJ2" ignored="0" name="Default test" tests="4" failures="0" timestamp="17 Jul 2019 10:16:37 GMT" time="161.959" errors="0">
  <testcase name="testregistration" time="85.3" classname="Package_1.OnlineShoppingTest"/>
  <testcase name="testLogin" time="23.388" classname="Package_1.OnlineShoppingTest"/>
  <testcase name="testCart" time="7.197" classname="Package_1.OnlineShoppingTest"/>
  <testcase name="testPayment" time="45.488" classname="Package_1.OnlineShoppingTest"/>
</testsuite> <!-- Default test -->
