<?xml version="1.0" encoding="UTF-8"?>
<testng-results skipped="0" failed="0" ignored="0" total="4" passed="4">
  <reporter-output>
  </reporter-output>
  <suite name="Default suite" duration-ms="161959" started-at="2019-07-17T10:13:55Z" finished-at="2019-07-17T10:16:37Z">
    <groups>
    </groups>
    <test name="Default test" duration-ms="161959" started-at="2019-07-17T10:13:55Z" finished-at="2019-07-17T10:16:37Z">
      <class name="Package_1.OnlineShoppingTest">
        <test-method status="PASS" signature="startReportBeforeTest()[pri:0, instance:Package_1.OnlineShoppingTest@5c3bd550]" name="startReportBeforeTest" is-config="true" duration-ms="203" started-at="2019-07-17T10:13:55Z" finished-at="2019-07-17T10:13:56Z">
          <reporter-output>
          </reporter-output>
        </test-method> <!-- startReportBeforeTest -->
        <test-method status="PASS" signature="testregistration()[pri:1, instance:Package_1.OnlineShoppingTest@5c3bd550]" name="testregistration" duration-ms="85300" started-at="2019-07-17T10:13:56Z" finished-at="2019-07-17T10:15:21Z">
          <reporter-output>
          </reporter-output>
        </test-method> <!-- testregistration -->
        <test-method status="PASS" signature="getResultAfterMethod(org.testng.ITestResult)[pri:0, instance:Package_1.OnlineShoppingTest@5c3bd550]" name="getResultAfterMethod" is-config="true" duration-ms="0" started-at="2019-07-17T10:15:21Z" finished-at="2019-07-17T10:15:21Z">
          <params>
            <param index="0">
              <value>
                <![CDATA[[TestResult name=testregistration status=SUCCESS method=OnlineShoppingTest.testregistration()[pri:1, instance:Package_1.OnlineShoppingTest@5c3bd550] output={null}]]]>
              </value>
            </param>
          </params>
          <reporter-output>
          </reporter-output>
        </test-method> <!-- getResultAfterMethod -->
        <test-method status="PASS" signature="testLogin()[pri:2, instance:Package_1.OnlineShoppingTest@5c3bd550]" name="testLogin" duration-ms="23388" started-at="2019-07-17T10:15:21Z" finished-at="2019-07-17T10:15:44Z">
          <reporter-output>
          </reporter-output>
        </test-method> <!-- testLogin -->
        <test-method status="PASS" signature="getResultAfterMethod(org.testng.ITestResult)[pri:0, instance:Package_1.OnlineShoppingTest@5c3bd550]" name="getResultAfterMethod" is-config="true" duration-ms="2" started-at="2019-07-17T10:15:44Z" finished-at="2019-07-17T10:15:44Z">
          <params>
            <param index="0">
              <value>
                <![CDATA[[TestResult name=testLogin status=SUCCESS method=OnlineShoppingTest.testLogin()[pri:2, instance:Package_1.OnlineShoppingTest@5c3bd550] output={null}]]]>
              </value>
            </param>
          </params>
          <reporter-output>
          </reporter-output>
        </test-method> <!-- getResultAfterMethod -->
        <test-method status="PASS" signature="testCart()[pri:3, instance:Package_1.OnlineShoppingTest@5c3bd550]" name="testCart" duration-ms="7197" started-at="2019-07-17T10:15:44Z" finished-at="2019-07-17T10:15:52Z">
          <reporter-output>
          </reporter-output>
        </test-method> <!-- testCart -->
        <test-method status="PASS" signature="getResultAfterMethod(org.testng.ITestResult)[pri:0, instance:Package_1.OnlineShoppingTest@5c3bd550]" name="getResultAfterMethod" is-config="true" duration-ms="0" started-at="2019-07-17T10:15:52Z" finished-at="2019-07-17T10:15:52Z">
          <params>
            <param index="0">
              <value>
                <![CDATA[[TestResult name=testCart status=SUCCESS method=OnlineShoppingTest.testCart()[pri:3, instance:Package_1.OnlineShoppingTest@5c3bd550] output={null}]]]>
              </value>
            </param>
          </params>
          <reporter-output>
          </reporter-output>
        </test-method> <!-- getResultAfterMethod -->
        <test-method status="PASS" signature="testPayment()[pri:4, instance:Package_1.OnlineShoppingTest@5c3bd550]" name="testPayment" duration-ms="45488" started-at="2019-07-17T10:15:52Z" finished-at="2019-07-17T10:16:37Z">
          <reporter-output>
          </reporter-output>
        </test-method> <!-- testPayment -->
        <test-method status="PASS" signature="endReportAfterTest()[pri:0, instance:Package_1.OnlineShoppingTest@5c3bd550]" name="endReportAfterTest" is-config="true" duration-ms="344" started-at="2019-07-17T10:16:37Z" finished-at="2019-07-17T10:16:37Z">
          <reporter-output>
          </reporter-output>
        </test-method> <!-- endReportAfterTest -->
        <test-method status="PASS" signature="getResultAfterMethod(org.testng.ITestResult)[pri:0, instance:Package_1.OnlineShoppingTest@5c3bd550]" name="getResultAfterMethod" is-config="true" duration-ms="0" started-at="2019-07-17T10:16:37Z" finished-at="2019-07-17T10:16:37Z">
          <params>
            <param index="0">
              <value>
                <![CDATA[[TestResult name=testPayment status=SUCCESS method=OnlineShoppingTest.testPayment()[pri:4, instance:Package_1.OnlineShoppingTest@5c3bd550] output={null}]]]>
              </value>
            </param>
          </params>
          <reporter-output>
          </reporter-output>
        </test-method> <!-- getResultAfterMethod -->
      </class> <!-- Package_1.OnlineShoppingTest -->
    </test> <!-- Default test -->
  </suite> <!-- Default suite -->
</testng-results>
